<?xml version="1.0" encoding="UTF-8"?>
<!-- Generated by org.testng.reporters.JUnitXMLReporter -->
<testsuite hostname="ASUS-Laptop" ignored="0" name="Test" tests="9" failures="1" timestamp="2020-11-15T21:43:29 CET" time="97.244" errors="0">
  <testcase name="signinn" time="4.085" classname="mycompany.login"/>
  <testcase name="signinn" time="5.181" classname="mycompany.login"/>
  <testcase name="signup" time="4.106" classname="mycompany.login"/>
  <testcase name="signup" time="3.328" classname="mycompany.login"/>
  <testcase name="signup" time="3.436" classname="mycompany.login"/>
  <testcase name="signup" time="3.319" classname="mycompany.login"/>
  <testcase name="signup" time="8.375" classname="mycompany.login">
    <failure type="java.lang.AssertionError" message="did not expect [Account successfully created.] but found [Account successfully created.]">
      <![CDATA[java.lang.AssertionError: did not expect [Account successfully created.] but found [Account successfully created.]
at mycompany.login.signup(login.java:70)
at java.util.ArrayList.forEach(ArrayList.java:1259)
... Removed 36 stack frames]]>
    </failure>
  </testcase> <!-- signup -->
  <testcase name="signup" time="4.27" classname="mycompany.login"/>
  <testcase name="signup" time="6.227" classname="mycompany.login"/>
</testsuite> <!-- Test -->
